#Timing report of worst 1 path(s)
# Unit scale: 1e-09 seconds
# Output precision: 3

#Path 1
Startpoint: top^in.inpad[0] (.input clocked by virtual_io_clock)
Endpoint  : out:top^out.outpad[0] (.output clocked by virtual_io_clock)
Path Type : hold

Point                                                             Incr      Path
--------------------------------------------------------------------------------
clock virtual_io_clock (rise edge)                               0.000     0.000
clock source latency                                             0.000     0.000
input external delay                                             0.000     0.000
top^in.inpad[0] (.input)                                         0.000     0.000
out:top^out.outpad[0] (.output)                                  0.281     0.281
data arrival time                                                          0.281

clock virtual_io_clock (rise edge)                               0.000     0.000
clock source latency                                             0.000     0.000
clock uncertainty                                                0.000     0.000
output external delay                                            0.000     0.000
data required time                                                         0.000
--------------------------------------------------------------------------------
data required time                                                        -0.000
data arrival time                                                          0.281
--------------------------------------------------------------------------------
slack (MET)                                                                0.281


#End of timing report
